0506/Traveling2023/app/build/intermediates/manifest_merge_blame_file/debug/manifest-merger-blame-debug-report.txt
1<?xml version="1.0" encoding="utf-8"?>
2<manifest xmlns:android="http://schemas.android.com/apk/res/android"
3    package="com.example.traveling2023_2"
4    android:versionCode="1"
5    android:versionName="1.0" >
6
7    <uses-sdk
8        android:minSdkVersion="28"
8-->src\main\AndroidManifest.xml
9        android:targetSdkVersion="33" />
9-->src\main\AndroidManifest.xml
10
11    <permission
11-->[androidx.core:core:1.9.0] AndroidManifest.xml:22:5-24:47
12        android:name="com.example.traveling2023_2.DYNAMIC_RECEIVER_NOT_EXPORTED_PERMISSION"
12-->[androidx.core:core:1.9.0] AndroidManifest.xml:23:9-81
13        android:protectionLevel="signature" />
13-->[androidx.core:core:1.9.0] AndroidManifest.xml:24:9-44
14
15    <uses-permission android:name="com.example.traveling2023_2.DYNAMIC_RECEIVER_NOT_EXPORTED_PERMISSION" />
15-->[androidx.core:core:1.9.0] AndroidManifest.xml:26:5-97
15-->[androidx.core:core:1.9.0] AndroidManifest.xml:26:22-94
16
17    <application
17-->src\main\AndroidManifest.xml:5:5-54:19
18        android:allowBackup="true"
18-->src\main\AndroidManifest.xml:6:9-35
19        android:appComponentFactory="androidx.core.app.CoreComponentFactory"
19-->[androidx.core:core:1.9.0] AndroidManifest.xml:28:18-86
20        android:dataExtractionRules="@xml/data_extraction_rules"
20-->src\main\AndroidManifest.xml:7:9-65
21        android:debuggable="true"
22        android:extractNativeLibs="false"
23        android:fullBackupContent="@xml/backup_rules"
23-->src\main\AndroidManifest.xml:8:9-54
24        android:icon="@mipmap/ic_launcher_travel"
24-->src\main\AndroidManifest.xml:9:9-50
25        android:label="@string/app_name"
25-->src\main\AndroidManifest.xml:10:9-41
26        android:supportsRtl="true"
26-->src\main\AndroidManifest.xml:11:9-35
27        android:testOnly="true"
28        android:theme="@style/Theme.Traveling2023" >
28-->src\main\AndroidManifest.xml:12:9-51
29        <activity
29-->src\main\AndroidManifest.xml:14:9-23:20
30            android:name="com.example.traveling2023_2.BeijingActivity"
30-->src\main\AndroidManifest.xml:15:13-44
31            android:exported="false"
31-->src\main\AndroidManifest.xml:16:13-37
32            android:label="@string/beijing"
32-->src\main\AndroidManifest.xml:17:13-44
33            android:parentActivityName="com.example.traveling2023_2.MainActivity" >
33-->src\main\AndroidManifest.xml:18:13-55
34            <intent-filter>
34-->src\main\AndroidManifest.xml:19:13-22:29
35                <action android:name="asia.city_6_3" />
35-->src\main\AndroidManifest.xml:20:17-55
35-->src\main\AndroidManifest.xml:20:25-53
36
37                <category android:name="android.intent.category.DEFAULT" />
37-->src\main\AndroidManifest.xml:21:17-75
37-->src\main\AndroidManifest.xml:21:27-73
38            </intent-filter>
39        </activity>
40        <activity
40-->src\main\AndroidManifest.xml:25:9-34:20
41            android:name="com.example.traveling2023_2.HKActivity"
41-->src\main\AndroidManifest.xml:26:13-39
42            android:exported="false"
42-->src\main\AndroidManifest.xml:28:13-37
43            android:label="@string/hk"
43-->src\main\AndroidManifest.xml:27:13-39
44            android:parentActivityName="com.example.traveling2023_2.MainActivity" >
44-->src\main\AndroidManifest.xml:29:13-55
45            <intent-filter>
45-->src\main\AndroidManifest.xml:19:13-22:29
46                <action android:name="asia.city_6_3" />
46-->src\main\AndroidManifest.xml:20:17-55
46-->src\main\AndroidManifest.xml:20:25-53
47
48                <category android:name="android.intent.category.DEFAULT" />
48-->src\main\AndroidManifest.xml:21:17-75
48-->src\main\AndroidManifest.xml:21:27-73
49            </intent-filter>
50/>
51        </activity>
52        <activity
52-->src\main\AndroidManifest.xml:35:9-38:57
53            android:name="com.example.traveling2023_2.ZurichActivity"
53-->src\main\AndroidManifest.xml:36:13-43
54            android:exported="false"
54-->src\main\AndroidManifest.xml:37:13-37
55            android:parentActivityName="com.example.traveling2023_2.MainActivity" />
55-->src\main\AndroidManifest.xml:38:13-55
56        <activity
56-->src\main\AndroidManifest.xml:39:9-42:57
57            android:name="com.example.traveling2023_2.ParisActivity"
57-->src\main\AndroidManifest.xml:40:13-42
58            android:exported="false"
58-->src\main\AndroidManifest.xml:41:13-37
59            android:parentActivityName="com.example.traveling2023_2.MainActivity" />
59-->src\main\AndroidManifest.xml:42:13-55
60        <activity
60-->src\main\AndroidManifest.xml:43:9-53:20
61            android:name="com.example.traveling2023_2.MainActivity"
61-->src\main\AndroidManifest.xml:44:13-41
62            android:exported="true"
62-->src\main\AndroidManifest.xml:45:13-36
63            android:label="@string/app_name"
63-->src\main\AndroidManifest.xml:46:13-45
64            android:theme="@style/Theme.Traveling2023.NoActionBar" >
64-->src\main\AndroidManifest.xml:47:13-67
65            <intent-filter>
65-->src\main\AndroidManifest.xml:48:13-52:29
66                <action android:name="android.intent.action.MAIN" />
66-->src\main\AndroidManifest.xml:49:17-69
66-->src\main\AndroidManifest.xml:49:25-66
67
68                <category android:name="android.intent.category.LAUNCHER" />
68-->src\main\AndroidManifest.xml:51:17-77
68-->src\main\AndroidManifest.xml:51:27-74
69            </intent-filter>
70        </activity>
71
72        <provider
72-->[androidx.emoji2:emoji2:1.2.0] AndroidManifest.xml:24:9-32:20
73            android:name="androidx.startup.InitializationProvider"
73-->[androidx.emoji2:emoji2:1.2.0] AndroidManifest.xml:25:13-67
74            android:authorities="com.example.traveling2023_2.androidx-startup"
74-->[androidx.emoji2:emoji2:1.2.0] AndroidManifest.xml:26:13-68
75            android:exported="false" >
75-->[androidx.emoji2:emoji2:1.2.0] AndroidManifest.xml:27:13-37
76            <meta-data
76-->[androidx.emoji2:emoji2:1.2.0] AndroidManifest.xml:29:13-31:52
77                android:name="androidx.emoji2.text.EmojiCompatInitializer"
77-->[androidx.emoji2:emoji2:1.2.0] AndroidManifest.xml:30:17-75
78                android:value="androidx.startup" />
78-->[androidx.emoji2:emoji2:1.2.0] AndroidManifest.xml:31:17-49
79            <meta-data
79-->[androidx.lifecycle:lifecycle-process:2.4.1] AndroidManifest.xml:31:13-33:52
80                android:name="androidx.lifecycle.ProcessLifecycleInitializer"
80-->[androidx.lifecycle:lifecycle-process:2.4.1] AndroidManifest.xml:32:17-78
81                android:value="androidx.startup" />
81-->[androidx.lifecycle:lifecycle-process:2.4.1] AndroidManifest.xml:33:17-49
82        </provider>
83
84        <uses-library
84-->[androidx.window:window:1.0.0] AndroidManifest.xml:25:9-27:40
85            android:name="androidx.window.extensions"
85-->[androidx.window:window:1.0.0] AndroidManifest.xml:26:13-54
86            android:required="false" />
86-->[androidx.window:window:1.0.0] AndroidManifest.xml:27:13-37
87        <uses-library
87-->[androidx.window:window:1.0.0] AndroidManifest.xml:28:9-30:40
88            android:name="androidx.window.sidecar"
88-->[androidx.window:window:1.0.0] AndroidManifest.xml:29:13-51
89            android:required="false" />
89-->[androidx.window:window:1.0.0] AndroidManifest.xml:30:13-37
90    </application>
91
92</manifest>